-------------------------------------------------------------------------------
Test set: com.features.search.SearchByKeywordStory
-------------------------------------------------------------------------------
Tests run: 1, Failures: 0, Errors: 1, Skipped: 0, Time elapsed: 0 s <<< FAILURE! - in com.features.search.SearchByKeywordStory
com.features.search.SearchByKeywordStory.initializationError  Time elapsed: 0 s  <<< ERROR!
java.lang.Exception: No runnable methods

