<?xml version="1.0" encoding="UTF-8"?><testsuite errors="1" failures="0" name="com.features.search.LoginTest" skipped="0" tests="2" time="34.44" timestamp="2021-05-15 03:32:27"><testcase classname="com.features.search.LoginTest" name="Login test successful"><error message="Keys to send should be a not null CharSequence" type="java.lang.IllegalArgumentException">Keys to send should be a not null CharSequence</error><system-err>Keys to send should be a not null CharSequence&#13;
lab5@1.0/com.pages.LoginPage.typePassword(LoginPage.java:35)&#13;
lab5@1.0/com.steps.serenity.LoginSteps.typePassword(LoginSteps.java:16)&#13;
lab5@1.0/com.steps.serenity.LoginSteps.login(LoginSteps.java:41)&#13;
lab5@1.0/com.features.search.LoginTest.loginTestSuccessful(LoginTest.java:32)&#13;
</system-err></testcase></testsuite>